Using pre-set license
Built from '2020.3/staging' branch; Version is '2020.3.9f1 (108be757e447) revision 1084391'; Using compiler version '192528614'; Build Type 'Release'
OS: 'Windows 10 Home; OS build 19041.985; Version 2004; 64bit' Language: 'en' Physical Memory: 12193 MB
BatchMode: 1, IsHumanControllingUs: 0, StartBugReporterOnCrash: 0, Is64bit: 1, IsPro: 0

 COMMAND LINE ARGUMENTS:
C:\Program Files\Unity\Hub\Editor\2020.3.9f1\Editor\Unity.exe
-adb2
-batchMode
-noUpm
-name
AssetImportWorker0
-projectPath
C:/Users/gabriel/Desktop/git/PDM_Innovacion
-logFile
Logs/AssetImportWorker0.log
-srvPort
53309
Successfully changed project path to: C:/Users/gabriel/Desktop/git/PDM_Innovacion
C:/Users/gabriel/Desktop/git/PDM_Innovacion
Using Asset Import Pipeline V2.
Refreshing native plugins compatible for Editor in 35.00 ms, found 1 plugins.
Preloading 0 native plugins for Editor in 0.00 ms.
Initialize engine version: 2020.3.9f1 (108be757e447)
[Subsystems] Discovering subsystems at path C:/Program Files/Unity/Hub/Editor/2020.3.9f1/Editor/Data/Resources/UnitySubsystems
[Subsystems] Discovering subsystems at path C:/Users/gabriel/Desktop/git/PDM_Innovacion/Assets
GfxDevice: creating device client; threaded=0
Direct3D:
    Version:  Direct3D 11.0 [level 11.1]
    Renderer: Intel(R) UHD Graphics 620 (ID=0x5917)
    Vendor:   
    VRAM:     6096 MB
    Driver:   26.20.100.7323
Initialize mono
Mono path[0] = 'C:/Program Files/Unity/Hub/Editor/2020.3.9f1/Editor/Data/Managed'
Mono path[1] = 'C:/Program Files/Unity/Hub/Editor/2020.3.9f1/Editor/Data/MonoBleedingEdge/lib/mono/unityjit'
Mono config path = 'C:/Program Files/Unity/Hub/Editor/2020.3.9f1/Editor/Data/MonoBleedingEdge/etc'
Using monoOptions --debugger-agent=transport=dt_socket,embedding=1,server=y,suspend=n,address=127.0.0.1:56660
Begin MonoManager ReloadAssembly
Registering precompiled unity dll's ...
Register platform support module: C:/Program Files/Unity/Hub/Editor/2020.3.9f1/Editor/Data/PlaybackEngines/WindowsStandaloneSupport/UnityEditor.WindowsStandalone.Extensions.dll
Registered in 0.006891 seconds.
Native extension for WindowsStandalone target not found
Refreshing native plugins compatible for Editor in 89.81 ms, found 1 plugins.
Preloading 0 native plugins for Editor in 0.00 ms.
Mono: successfully reloaded assembly
- Completed reload, in  3.183 seconds
Platform modules already initialized, skipping
Registering precompiled user dll's ...
Registered in 0.002846 seconds.
Begin MonoManager ReloadAssembly
Native extension for WindowsStandalone target not found
Refreshing native plugins compatible for Editor in 34.82 ms, found 1 plugins.
Preloading 0 native plugins for Editor in 0.00 ms.
Mono: successfully reloaded assembly
- Completed reload, in  0.925 seconds
Platform modules already initialized, skipping
========================================================================
Worker process is ready to serve import requests
Launched and connected shader compiler UnityShaderCompiler.exe after 0.05 seconds
Refreshing native plugins compatible for Editor in 0.38 ms, found 1 plugins.
Preloading 0 native plugins for Editor in 0.00 ms.
Unloading 1808 Unused Serialized files (Serialized files now loaded: 0)
System memory in use before: 84.7 MB.
System memory in use after: 84.8 MB.

Unloading 19 unused Assets to reduce memory usage. Loaded Objects now: 2255.
Total: 2.117000 ms (FindLiveObjects: 0.164300 ms CreateObjectMapping: 0.054400 ms MarkObjects: 1.790200 ms  DeleteObjects: 0.107200 ms)

========================================================================
Received Import Request.
  path: Assets/Sprites/Background/Gray.png
  artifactKey: Guid(f4a95882c81ceaf44a79c906ba99cfeb) Importer(815301076,1909f56bfc062723c751e8b465ee728b)
Start importing Assets/Sprites/Background/Gray.png using Guid(f4a95882c81ceaf44a79c906ba99cfeb) Importer(815301076,1909f56bfc062723c751e8b465ee728b)  -> (artifact id: 'cee87a7b2377d18f3e717cda162c06ff') in 0.239402 seconds
  Import took 0.258601 seconds .

========================================================================
Received Import Request.
  Time since last request: 0.000360 seconds.
  path: Assets/Sprites/Background/Purple.png
  artifactKey: Guid(ae3aaf11dbfdc274d8ad23ef04eac768) Importer(815301076,1909f56bfc062723c751e8b465ee728b)
Start importing Assets/Sprites/Background/Purple.png using Guid(ae3aaf11dbfdc274d8ad23ef04eac768) Importer(815301076,1909f56bfc062723c751e8b465ee728b)  -> (artifact id: '5ab203f67e3634a7c08e7463777644a9') in 0.053275 seconds
  Import took 0.056335 seconds .

========================================================================
Received Import Request.
  Time since last request: 0.000247 seconds.
  path: Assets/Sprites/Background/Yellow.png
  artifactKey: Guid(dc365e4b1ac11244384e83a0b8a35342) Importer(815301076,1909f56bfc062723c751e8b465ee728b)
Start importing Assets/Sprites/Background/Yellow.png using Guid(dc365e4b1ac11244384e83a0b8a35342) Importer(815301076,1909f56bfc062723c751e8b465ee728b)  -> (artifact id: '5549e00cbd3e729c55c532afc7a7a736') in 0.051007 seconds
  Import took 0.055096 seconds .

========================================================================
Received Import Request.
  Time since last request: 0.000279 seconds.
  path: Assets/Sprites/Background/Green.png
  artifactKey: Guid(99c4cff4c15576345b0f8f428a03024e) Importer(815301076,1909f56bfc062723c751e8b465ee728b)
Start importing Assets/Sprites/Background/Green.png using Guid(99c4cff4c15576345b0f8f428a03024e) Importer(815301076,1909f56bfc062723c751e8b465ee728b)  -> (artifact id: '2424e423cb7e254a6298c66f389ee90f') in 0.055779 seconds
  Import took 0.059755 seconds .

========================================================================
Received Import Request.
  Time since last request: 0.000331 seconds.
  path: Assets/Sprites/Background/Blue.png
  artifactKey: Guid(23630f762eccb9943b81e292d9d63a16) Importer(815301076,1909f56bfc062723c751e8b465ee728b)
Start importing Assets/Sprites/Background/Blue.png using Guid(23630f762eccb9943b81e292d9d63a16) Importer(815301076,1909f56bfc062723c751e8b465ee728b)  -> (artifact id: '4ca22f2c45b51f591323c79e6224afc3') in 0.047557 seconds
  Import took 0.051617 seconds .

========================================================================
Received Import Request.
  Time since last request: 0.000515 seconds.
  path: Assets/Sprites/Background/Fondo.png
  artifactKey: Guid(ef4de412fb1a86341b1caaeeb160c657) Importer(815301076,1909f56bfc062723c751e8b465ee728b)
Start importing Assets/Sprites/Background/Fondo.png using Guid(ef4de412fb1a86341b1caaeeb160c657) Importer(815301076,1909f56bfc062723c751e8b465ee728b)  -> (artifact id: 'c66bf5865fb2c37cc24bd0b33bf353ae') in 0.033016 seconds
  Import took 0.044251 seconds .

========================================================================
Received Import Request.
  Time since last request: 0.000486 seconds.
  path: Assets/Sprites/Background/Pink.png
  artifactKey: Guid(0e26e34b8e888ba4e9b556f6c2208ff0) Importer(815301076,1909f56bfc062723c751e8b465ee728b)
Start importing Assets/Sprites/Background/Pink.png using Guid(0e26e34b8e888ba4e9b556f6c2208ff0) Importer(815301076,1909f56bfc062723c751e8b465ee728b)  -> (artifact id: 'e68c50f7a084fecaf13caa4d9bcde582') in 0.049221 seconds
  Import took 0.070612 seconds .

========================================================================
Received Import Request.
  Time since last request: 0.000377 seconds.
  path: Assets/Sprites/Background/Brown.png
  artifactKey: Guid(277cfcc101cccc24d85ab00d308e54cf) Importer(815301076,1909f56bfc062723c751e8b465ee728b)
Start importing Assets/Sprites/Background/Brown.png using Guid(277cfcc101cccc24d85ab00d308e54cf) Importer(815301076,1909f56bfc062723c751e8b465ee728b)  -> (artifact id: '264c3348bee64a3acd2065ddadd0b03b') in 0.046740 seconds
  Import took 0.051743 seconds .

========================================================================
Received Import Request.
  Time since last request: 709.060367 seconds.
  path: Assets/Sprites/20 Enemies.png
  artifactKey: Guid(f724ed2263a54ac48a8dcf7d11fe90e4) Importer(815301076,1909f56bfc062723c751e8b465ee728b)
Start importing Assets/Sprites/20 Enemies.png using Guid(f724ed2263a54ac48a8dcf7d11fe90e4) Importer(815301076,1909f56bfc062723c751e8b465ee728b)  -> (artifact id: 'ef9f82d8c6757af64cfc33ee29ad3d7b') in 0.053921 seconds
  Import took 0.069903 seconds .

========================================================================
Received Import Request.
  Time since last request: 0.000369 seconds.
  path: Assets/Sprites/Hello.png
  artifactKey: Guid(9c4e775a8a5442c40ab05c0a26a753e7) Importer(815301076,1909f56bfc062723c751e8b465ee728b)
Start importing Assets/Sprites/Hello.png using Guid(9c4e775a8a5442c40ab05c0a26a753e7) Importer(815301076,1909f56bfc062723c751e8b465ee728b)  -> (artifact id: '7e1295017b9c24eb76b42b28c407a03b') in 0.144531 seconds
  Import took 0.147317 seconds .

========================================================================
Received Import Request.
  Time since last request: 2.117911 seconds.
  path: Assets/Sprites/Terrain
  artifactKey: Guid(d0b1b2fbd2b1452488c0e5203db866ed) Importer(815301076,1909f56bfc062723c751e8b465ee728b)
Start importing Assets/Sprites/Terrain using Guid(d0b1b2fbd2b1452488c0e5203db866ed) Importer(815301076,1909f56bfc062723c751e8b465ee728b)  -> (artifact id: 'cf11550c54cbaf41032ac0105b737bb1') in 0.008775 seconds
  Import took 0.011990 seconds .

========================================================================
Received Import Request.
  Time since last request: 0.028584 seconds.
  path: Assets/Sprites/Terrain/Piso.png
  artifactKey: Guid(b3fffa16725623843a428735c1092e09) Importer(815301076,1909f56bfc062723c751e8b465ee728b)
Start importing Assets/Sprites/Terrain/Piso.png using Guid(b3fffa16725623843a428735c1092e09) Importer(815301076,1909f56bfc062723c751e8b465ee728b)  -> (artifact id: '795775c7df93e860caa4b6a31864f9a7') in 0.014449 seconds
  Import took 0.017819 seconds .

========================================================================
Received Import Request.
  Time since last request: 0.000347 seconds.
  path: Assets/Sprites/Terrain/Terrain (16x16).png
  artifactKey: Guid(3dd7e5a2e428a3e4a9aafeabac94d902) Importer(815301076,1909f56bfc062723c751e8b465ee728b)
Start importing Assets/Sprites/Terrain/Terrain (16x16).png using Guid(3dd7e5a2e428a3e4a9aafeabac94d902) Importer(815301076,1909f56bfc062723c751e8b465ee728b)  -> (artifact id: 'e1a2f343fdb69abb1d9937a9059a5c0c') in 0.085312 seconds
  Import took 0.088400 seconds .

========================================================================
Received Prepare
Registering precompiled user dll's ...
Registered in 0.001440 seconds.
Begin MonoManager ReloadAssembly
Native extension for WindowsStandalone target not found
Refreshing native plugins compatible for Editor in 0.45 ms, found 1 plugins.
Preloading 0 native plugins for Editor in 0.00 ms.
Mono: successfully reloaded assembly
- Completed reload, in  0.883 seconds
Platform modules already initialized, skipping
Refreshing native plugins compatible for Editor in 0.66 ms, found 1 plugins.
Preloading 0 native plugins for Editor in 0.00 ms.
Unloading 1798 Unused Serialized files (Serialized files now loaded: 0)
System memory in use before: 87.3 MB.
System memory in use after: 87.5 MB.

Unloading 7 unused Assets to reduce memory usage. Loaded Objects now: 2308.
Total: 3.793000 ms (FindLiveObjects: 0.325600 ms CreateObjectMapping: 0.115600 ms MarkObjects: 3.315700 ms  DeleteObjects: 0.034300 ms)

