Using pre-set license
Built from '2020.3/staging' branch; Version is '2020.3.9f1 (108be757e447) revision 1084391'; Using compiler version '192528614'; Build Type 'Release'
OS: 'Windows 10 Home; OS build 19041.985; Version 2004; 64bit' Language: 'en' Physical Memory: 12193 MB
BatchMode: 1, IsHumanControllingUs: 0, StartBugReporterOnCrash: 0, Is64bit: 1, IsPro: 0

 COMMAND LINE ARGUMENTS:
C:\Program Files\Unity\Hub\Editor\2020.3.9f1\Editor\Unity.exe
-adb2
-batchMode
-noUpm
-name
AssetImportWorker0
-projectPath
C:/Users/gabriel/Desktop/git/PDM_Innovacion
-logFile
Logs/AssetImportWorker0.log
-srvPort
53309
Successfully changed project path to: C:/Users/gabriel/Desktop/git/PDM_Innovacion
C:/Users/gabriel/Desktop/git/PDM_Innovacion
Using Asset Import Pipeline V2.
Refreshing native plugins compatible for Editor in 35.00 ms, found 1 plugins.
Preloading 0 native plugins for Editor in 0.00 ms.
Initialize engine version: 2020.3.9f1 (108be757e447)
[Subsystems] Discovering subsystems at path C:/Program Files/Unity/Hub/Editor/2020.3.9f1/Editor/Data/Resources/UnitySubsystems
[Subsystems] Discovering subsystems at path C:/Users/gabriel/Desktop/git/PDM_Innovacion/Assets
GfxDevice: creating device client; threaded=0
Direct3D:
    Version:  Direct3D 11.0 [level 11.1]
    Renderer: Intel(R) UHD Graphics 620 (ID=0x5917)
    Vendor:   
    VRAM:     6096 MB
    Driver:   26.20.100.7323
Initialize mono
Mono path[0] = 'C:/Program Files/Unity/Hub/Editor/2020.3.9f1/Editor/Data/Managed'
Mono path[1] = 'C:/Program Files/Unity/Hub/Editor/2020.3.9f1/Editor/Data/MonoBleedingEdge/lib/mono/unityjit'
Mono config path = 'C:/Program Files/Unity/Hub/Editor/2020.3.9f1/Editor/Data/MonoBleedingEdge/etc'
Using monoOptions --debugger-agent=transport=dt_socket,embedding=1,server=y,suspend=n,address=127.0.0.1:56660
Begin MonoManager ReloadAssembly
Registering precompiled unity dll's ...
Register platform support module: C:/Program Files/Unity/Hub/Editor/2020.3.9f1/Editor/Data/PlaybackEngines/WindowsStandaloneSupport/UnityEditor.WindowsStandalone.Extensions.dll
Registered in 0.006891 seconds.
Native extension for WindowsStandalone target not found
Refreshing native plugins compatible for Editor in 89.81 ms, found 1 plugins.
Preloading 0 native plugins for Editor in 0.00 ms.
Mono: successfully reloaded assembly
- Completed reload, in  3.183 seconds
Platform modules already initialized, skipping
Registering precompiled user dll's ...
Registered in 0.002846 seconds.
Begin MonoManager ReloadAssembly
Native extension for WindowsStandalone target not found
Refreshing native plugins compatible for Editor in 34.82 ms, found 1 plugins.
Preloading 0 native plugins for Editor in 0.00 ms.
Mono: successfully reloaded assembly
- Completed reload, in  0.925 seconds
Platform modules already initialized, skipping
========================================================================
Worker process is ready to serve import requests
Launched and connected shader compiler UnityShaderCompiler.exe after 0.05 seconds
Refreshing native plugins compatible for Editor in 0.38 ms, found 1 plugins.
Preloading 0 native plugins for Editor in 0.00 ms.
Unloading 1808 Unused Serialized files (Serialized files now loaded: 0)
System memory in use before: 84.7 MB.
System memory in use after: 84.8 MB.

Unloading 19 unused Assets to reduce memory usage. Loaded Objects now: 2255.
Total: 2.117000 ms (FindLiveObjects: 0.164300 ms CreateObjectMapping: 0.054400 ms MarkObjects: 1.790200 ms  DeleteObjects: 0.107200 ms)

========================================================================
Received Import Request.
  path: Assets/Sprites/Background/Gray.png
  artifactKey: Guid(f4a95882c81ceaf44a79c906ba99cfeb) Importer(815301076,1909f56bfc062723c751e8b465ee728b)
Start importing Assets/Sprites/Background/Gray.png using Guid(f4a95882c81ceaf44a79c906ba99cfeb) Importer(815301076,1909f56bfc062723c751e8b465ee728b)  -> (artifact id: 'cee87a7b2377d18f3e717cda162c06ff') in 0.239402 seconds
  Import took 0.258601 seconds .

========================================================================
Received Import Request.
  Time since last request: 0.000360 seconds.
  path: Assets/Sprites/Background/Purple.png
  artifactKey: Guid(ae3aaf11dbfdc274d8ad23ef04eac768) Importer(815301076,1909f56bfc062723c751e8b465ee728b)
Start importing Assets/Sprites/Background/Purple.png using Guid(ae3aaf11dbfdc274d8ad23ef04eac768) Importer(815301076,1909f56bfc062723c751e8b465ee728b)  -> (artifact id: '5ab203f67e3634a7c08e7463777644a9') in 0.053275 seconds
  Import took 0.056335 seconds .

========================================================================
Received Import Request.
  Time since last request: 0.000247 seconds.
  path: Assets/Sprites/Background/Yellow.png
  artifactKey: Guid(dc365e4b1ac11244384e83a0b8a35342) Importer(815301076,1909f56bfc062723c751e8b465ee728b)
Start importing Assets/Sprites/Background/Yellow.png using Guid(dc365e4b1ac11244384e83a0b8a35342) Importer(815301076,1909f56bfc062723c751e8b465ee728b)  -> (artifact id: '5549e00cbd3e729c55c532afc7a7a736') in 0.051007 seconds
  Import took 0.055096 seconds .

========================================================================
Received Import Request.
  Time since last request: 0.000279 seconds.
  path: Assets/Sprites/Background/Green.png
  artifactKey: Guid(99c4cff4c15576345b0f8f428a03024e) Importer(815301076,1909f56bfc062723c751e8b465ee728b)
Start importing Assets/Sprites/Background/Green.png using Guid(99c4cff4c15576345b0f8f428a03024e) Importer(815301076,1909f56bfc062723c751e8b465ee728b)  -> (artifact id: '2424e423cb7e254a6298c66f389ee90f') in 0.055779 seconds
  Import took 0.059755 seconds .

========================================================================
Received Import Request.
  Time since last request: 0.000331 seconds.
  path: Assets/Sprites/Background/Blue.png
  artifactKey: Guid(23630f762eccb9943b81e292d9d63a16) Importer(815301076,1909f56bfc062723c751e8b465ee728b)
Start importing Assets/Sprites/Background/Blue.png using Guid(23630f762eccb9943b81e292d9d63a16) Importer(815301076,1909f56bfc062723c751e8b465ee728b)  -> (artifact id: '4ca22f2c45b51f591323c79e6224afc3') in 0.047557 seconds
  Import took 0.051617 seconds .

========================================================================
Received Import Request.
  Time since last request: 0.000515 seconds.
  path: Assets/Sprites/Background/Fondo.png
  artifactKey: Guid(ef4de412fb1a86341b1caaeeb160c657) Importer(815301076,1909f56bfc062723c751e8b465ee728b)
Start importing Assets/Sprites/Background/Fondo.png using Guid(ef4de412fb1a86341b1caaeeb160c657) Importer(815301076,1909f56bfc062723c751e8b465ee728b)  -> (artifact id: 'c66bf5865fb2c37cc24bd0b33bf353ae') in 0.033016 seconds
  Import took 0.044251 seconds .

========================================================================
Received Import Request.
  Time since last request: 0.000486 seconds.
  path: Assets/Sprites/Background/Pink.png
  artifactKey: Guid(0e26e34b8e888ba4e9b556f6c2208ff0) Importer(815301076,1909f56bfc062723c751e8b465ee728b)
Start importing Assets/Sprites/Background/Pink.png using Guid(0e26e34b8e888ba4e9b556f6c2208ff0) Importer(815301076,1909f56bfc062723c751e8b465ee728b)  -> (artifact id: 'e68c50f7a084fecaf13caa4d9bcde582') in 0.049221 seconds
  Import took 0.070612 seconds .

========================================================================
Received Import Request.
  Time since last request: 0.000377 seconds.
  path: Assets/Sprites/Background/Brown.png
  artifactKey: Guid(277cfcc101cccc24d85ab00d308e54cf) Importer(815301076,1909f56bfc062723c751e8b465ee728b)
Start importing Assets/Sprites/Background/Brown.png using Guid(277cfcc101cccc24d85ab00d308e54cf) Importer(815301076,1909f56bfc062723c751e8b465ee728b)  -> (artifact id: '264c3348bee64a3acd2065ddadd0b03b') in 0.046740 seconds
  Import took 0.051743 seconds .

========================================================================
Received Import Request.
  Time since last request: 709.060367 seconds.
  path: Assets/Sprites/20 Enemies.png
  artifactKey: Guid(f724ed2263a54ac48a8dcf7d11fe90e4) Importer(815301076,1909f56bfc062723c751e8b465ee728b)
Start importing Assets/Sprites/20 Enemies.png using Guid(f724ed2263a54ac48a8dcf7d11fe90e4) Importer(815301076,1909f56bfc062723c751e8b465ee728b)  -> (artifact id: 'ef9f82d8c6757af64cfc33ee29ad3d7b') in 0.053921 seconds
  Import took 0.069903 seconds .

========================================================================
Received Import Request.
  Time since last request: 0.000369 seconds.
  path: Assets/Sprites/Hello.png
  artifactKey: Guid(9c4e775a8a5442c40ab05c0a26a753e7) Importer(815301076,1909f56bfc062723c751e8b465ee728b)
Start importing Assets/Sprites/Hello.png using Guid(9c4e775a8a5442c40ab05c0a26a753e7) Importer(815301076,1909f56bfc062723c751e8b465ee728b)  -> (artifact id: '7e1295017b9c24eb76b42b28c407a03b') in 0.144531 seconds
  Import took 0.147317 seconds .

========================================================================
Received Import Request.
  Time since last request: 2.117911 seconds.
  path: Assets/Sprites/Terrain
  artifactKey: Guid(d0b1b2fbd2b1452488c0e5203db866ed) Importer(815301076,1909f56bfc062723c751e8b465ee728b)
Start importing Assets/Sprites/Terrain using Guid(d0b1b2fbd2b1452488c0e5203db866ed) Importer(815301076,1909f56bfc062723c751e8b465ee728b)  -> (artifact id: 'cf11550c54cbaf41032ac0105b737bb1') in 0.008775 seconds
  Import took 0.011990 seconds .

========================================================================
Received Import Request.
  Time since last request: 0.028584 seconds.
  path: Assets/Sprites/Terrain/Piso.png
  artifactKey: Guid(b3fffa16725623843a428735c1092e09) Importer(815301076,1909f56bfc062723c751e8b465ee728b)
Start importing Assets/Sprites/Terrain/Piso.png using Guid(b3fffa16725623843a428735c1092e09) Importer(815301076,1909f56bfc062723c751e8b465ee728b)  -> (artifact id: '795775c7df93e860caa4b6a31864f9a7') in 0.014449 seconds
  Import took 0.017819 seconds .

========================================================================
Received Import Request.
  Time since last request: 0.000347 seconds.
  path: Assets/Sprites/Terrain/Terrain (16x16).png
  artifactKey: Guid(3dd7e5a2e428a3e4a9aafeabac94d902) Importer(815301076,1909f56bfc062723c751e8b465ee728b)
Start importing Assets/Sprites/Terrain/Terrain (16x16).png using Guid(3dd7e5a2e428a3e4a9aafeabac94d902) Importer(815301076,1909f56bfc062723c751e8b465ee728b)  -> (artifact id: 'e1a2f343fdb69abb1d9937a9059a5c0c') in 0.085312 seconds
  Import took 0.088400 seconds .

========================================================================
Received Prepare
Registering precompiled user dll's ...
Registered in 0.001440 seconds.
Begin MonoManager ReloadAssembly
Native extension for WindowsStandalone target not found
Refreshing native plugins compatible for Editor in 0.45 ms, found 1 plugins.
Preloading 0 native plugins for Editor in 0.00 ms.
Mono: successfully reloaded assembly
- Completed reload, in  0.883 seconds
Platform modules already initialized, skipping
Refreshing native plugins compatible for Editor in 0.66 ms, found 1 plugins.
Preloading 0 native plugins for Editor in 0.00 ms.
Unloading 1798 Unused Serialized files (Serialized files now loaded: 0)
System memory in use before: 87.3 MB.
System memory in use after: 87.5 MB.

Unloading 7 unused Assets to reduce memory usage. Loaded Objects now: 2308.
Total: 3.793000 ms (FindLiveObjects: 0.325600 ms CreateObjectMapping: 0.115600 ms MarkObjects: 3.315700 ms  DeleteObjects: 0.034300 ms)

========================================================================
Received Import Request.
  Time since last request: 1691.011421 seconds.
  path: Assets/Sprites/Traps/Arrow
  artifactKey: Guid(26364372da5efd64987cf365a5c990bb) Importer(815301076,1909f56bfc062723c751e8b465ee728b)
Start importing Assets/Sprites/Traps/Arrow using Guid(26364372da5efd64987cf365a5c990bb) Importer(815301076,1909f56bfc062723c751e8b465ee728b)  -> (artifact id: 'd8ae2f8a2cbc1e1bb867119046a3f089') in 0.022959 seconds
  Import took 0.029803 seconds .

========================================================================
Received Import Request.
  Time since last request: 6.114767 seconds.
  path: Assets/Sprites/Traps/Arrow/Hit (18x18).png
  artifactKey: Guid(ed211b84c3034a5419e6ffc1a6f4d8c3) Importer(815301076,1909f56bfc062723c751e8b465ee728b)
Start importing Assets/Sprites/Traps/Arrow/Hit (18x18).png using Guid(ed211b84c3034a5419e6ffc1a6f4d8c3) Importer(815301076,1909f56bfc062723c751e8b465ee728b)  -> (artifact id: 'f5af52607f5ec4fadccd7f07f21d41a2') in 0.617946 seconds
  Import took 0.626608 seconds .

========================================================================
Received Import Request.
  Time since last request: 0.000641 seconds.
  path: Assets/Sprites/Traps/Arrow/Idle (18x18).png
  artifactKey: Guid(4009e45779a7ab040b36d0d31e2d174e) Importer(815301076,1909f56bfc062723c751e8b465ee728b)
Start importing Assets/Sprites/Traps/Arrow/Idle (18x18).png using Guid(4009e45779a7ab040b36d0d31e2d174e) Importer(815301076,1909f56bfc062723c751e8b465ee728b)  -> (artifact id: '298e21593df4bed9122ae3e9dc9e69bf') in 0.200464 seconds
  Import took 0.210122 seconds .

========================================================================
Received Import Request.
  Time since last request: 6.846165 seconds.
  path: Assets/Palette/Palette.prefab
  artifactKey: Guid(6ba298589ab2f0d4cbce2116e585ec80) Importer(815301076,1909f56bfc062723c751e8b465ee728b)
Start importing Assets/Palette/Palette.prefab using Guid(6ba298589ab2f0d4cbce2116e585ec80) Importer(815301076,1909f56bfc062723c751e8b465ee728b)  -> (artifact id: '1bbe7abc7ba417400b88eaf6b3fadb38') in 0.238007 seconds
  Import took 0.243497 seconds .

========================================================================
Received Import Request.
  Time since last request: 0.000472 seconds.
  path: Assets/Palette/Terrain (16x16)_0.asset
  artifactKey: Guid(f4ea848b03eb4bb40b19e70d9aac5edf) Importer(815301076,1909f56bfc062723c751e8b465ee728b)
Start importing Assets/Palette/Terrain (16x16)_0.asset using Guid(f4ea848b03eb4bb40b19e70d9aac5edf) Importer(815301076,1909f56bfc062723c751e8b465ee728b)  -> (artifact id: 'b10affcea854699522bd60676fa2d4c9') in 0.066247 seconds
  Import took 0.071309 seconds .

========================================================================
Received Import Request.
  Time since last request: 0.000430 seconds.
  path: Assets/Palette/Terrain (16x16)_1.asset
  artifactKey: Guid(119c0d97bb0472449bafdc8d95909aeb) Importer(815301076,1909f56bfc062723c751e8b465ee728b)
Start importing Assets/Palette/Terrain (16x16)_1.asset using Guid(119c0d97bb0472449bafdc8d95909aeb) Importer(815301076,1909f56bfc062723c751e8b465ee728b)  -> (artifact id: '3ca0e28e7f71bf0e42422c4bf2683eb2') in 0.023922 seconds
  Import took 0.028740 seconds .

========================================================================
Received Import Request.
  Time since last request: 0.000456 seconds.
  path: Assets/Palette/Terrain (16x16)_8.asset
  artifactKey: Guid(79c54bec1d67ea74db93377e4b712686) Importer(815301076,1909f56bfc062723c751e8b465ee728b)
Start importing Assets/Palette/Terrain (16x16)_8.asset using Guid(79c54bec1d67ea74db93377e4b712686) Importer(815301076,1909f56bfc062723c751e8b465ee728b)  -> (artifact id: '3d2e7c8e215a11d7b20246a81b56a73f') in 0.017828 seconds
  Import took 0.022050 seconds .

========================================================================
Received Import Request.
  Time since last request: 0.000366 seconds.
  path: Assets/Palette/Terrain (16x16)_7.asset
  artifactKey: Guid(8eca1502675e29d41a0793012113ae6a) Importer(815301076,1909f56bfc062723c751e8b465ee728b)
Start importing Assets/Palette/Terrain (16x16)_7.asset using Guid(8eca1502675e29d41a0793012113ae6a) Importer(815301076,1909f56bfc062723c751e8b465ee728b)  -> (artifact id: 'f548a4b2422c3b1b8520226539c2470a') in 0.018175 seconds
  Import took 0.022517 seconds .

========================================================================
Received Import Request.
  Time since last request: 0.000452 seconds.
  path: Assets/Palette/Terrain (16x16)_13.asset
  artifactKey: Guid(0adf676066ae95f4ab424045989eda8f) Importer(815301076,1909f56bfc062723c751e8b465ee728b)
Start importing Assets/Palette/Terrain (16x16)_13.asset using Guid(0adf676066ae95f4ab424045989eda8f) Importer(815301076,1909f56bfc062723c751e8b465ee728b)  -> (artifact id: '78bc0896993baf1dce9096eb66df80c1') in 0.021883 seconds
  Import took 0.026192 seconds .

========================================================================
Received Import Request.
  Time since last request: 0.000485 seconds.
  path: Assets/Palette/Terrain (16x16)_3.asset
  artifactKey: Guid(36644ca547dd331439c91d5abca20884) Importer(815301076,1909f56bfc062723c751e8b465ee728b)
Start importing Assets/Palette/Terrain (16x16)_3.asset using Guid(36644ca547dd331439c91d5abca20884) Importer(815301076,1909f56bfc062723c751e8b465ee728b)  -> (artifact id: '1d3b11ed90499d7c430d231f6f1cb688') in 0.019477 seconds
  Import took 0.024251 seconds .

========================================================================
Received Import Request.
  Time since last request: 0.000518 seconds.
  path: Assets/Palette/Terrain (16x16)_16.asset
  artifactKey: Guid(40b8e03b296e29b409d0c55ce314bd00) Importer(815301076,1909f56bfc062723c751e8b465ee728b)
Start importing Assets/Palette/Terrain (16x16)_16.asset using Guid(40b8e03b296e29b409d0c55ce314bd00) Importer(815301076,1909f56bfc062723c751e8b465ee728b)  -> (artifact id: 'd524a7fc0cda77a8b432020d81541a28') in 0.022194 seconds
  Import took 0.027002 seconds .

========================================================================
Received Import Request.
  Time since last request: 0.000438 seconds.
  path: Assets/Palette/Terrain (16x16)_19.asset
  artifactKey: Guid(f770c3ec0a6694f4d9db829d70ca8b3b) Importer(815301076,1909f56bfc062723c751e8b465ee728b)
Start importing Assets/Palette/Terrain (16x16)_19.asset using Guid(f770c3ec0a6694f4d9db829d70ca8b3b) Importer(815301076,1909f56bfc062723c751e8b465ee728b)  -> (artifact id: 'cf83fcc9e709f18d3195deb42aa5e6ae') in 0.020169 seconds
  Import took 0.024693 seconds .

========================================================================
Received Import Request.
  Time since last request: 0.000344 seconds.
  path: Assets/Palette/Terrain (16x16)_22.asset
  artifactKey: Guid(2d9b9904ee9d23341a960bd2ed32c39e) Importer(815301076,1909f56bfc062723c751e8b465ee728b)
Start importing Assets/Palette/Terrain (16x16)_22.asset using Guid(2d9b9904ee9d23341a960bd2ed32c39e) Importer(815301076,1909f56bfc062723c751e8b465ee728b)  -> (artifact id: '54fee390382e6d46215b81670e7eb168') in 0.016396 seconds
  Import took 0.019795 seconds .

========================================================================
Received Import Request.
  Time since last request: 0.000367 seconds.
  path: Assets/Palette/Terrain (16x16)_23.asset
  artifactKey: Guid(77f2167ee754f8344b1c5577f64fe6c4) Importer(815301076,1909f56bfc062723c751e8b465ee728b)
Start importing Assets/Palette/Terrain (16x16)_23.asset using Guid(77f2167ee754f8344b1c5577f64fe6c4) Importer(815301076,1909f56bfc062723c751e8b465ee728b)  -> (artifact id: '4581db967f76e2d1ceccd3e5d9ae569a') in 0.017135 seconds
  Import took 0.034901 seconds .

========================================================================
Received Import Request.
  Time since last request: 0.000527 seconds.
  path: Assets/Palette/Terrain (16x16)_24.asset
  artifactKey: Guid(6999be7d03014834c9bc124a6da969c3) Importer(815301076,1909f56bfc062723c751e8b465ee728b)
Start importing Assets/Palette/Terrain (16x16)_24.asset using Guid(6999be7d03014834c9bc124a6da969c3) Importer(815301076,1909f56bfc062723c751e8b465ee728b)  -> (artifact id: 'eb04d4de00f101962ceef0f5921056b9') in 0.022573 seconds
  Import took 0.027931 seconds .

========================================================================
Received Import Request.
  Time since last request: 0.000479 seconds.
  path: Assets/Palette/Terrain (16x16)_20.asset
  artifactKey: Guid(b450a9a4e0640a340ba4c19330f2756b) Importer(815301076,1909f56bfc062723c751e8b465ee728b)
Start importing Assets/Palette/Terrain (16x16)_20.asset using Guid(b450a9a4e0640a340ba4c19330f2756b) Importer(815301076,1909f56bfc062723c751e8b465ee728b)  -> (artifact id: '6347bc21795e26a1ea0631c620ac289a') in 0.019293 seconds
  Import took 0.023668 seconds .

========================================================================
Received Import Request.
  Time since last request: 0.000361 seconds.
  path: Assets/Palette/Terrain (16x16)_27.asset
  artifactKey: Guid(5e9c9de59f659da44a8302ec7d47257c) Importer(815301076,1909f56bfc062723c751e8b465ee728b)
Start importing Assets/Palette/Terrain (16x16)_27.asset using Guid(5e9c9de59f659da44a8302ec7d47257c) Importer(815301076,1909f56bfc062723c751e8b465ee728b)  -> (artifact id: 'fa717866ba5701eb37e453831bffcc7d') in 0.016865 seconds
  Import took 0.020902 seconds .

========================================================================
Received Import Request.
  Time since last request: 0.000400 seconds.
  path: Assets/Palette/Terrain (16x16)_28.asset
  artifactKey: Guid(fd5c45098ef7c4f459548feec203467e) Importer(815301076,1909f56bfc062723c751e8b465ee728b)
Start importing Assets/Palette/Terrain (16x16)_28.asset using Guid(fd5c45098ef7c4f459548feec203467e) Importer(815301076,1909f56bfc062723c751e8b465ee728b)  -> (artifact id: '75479937862f36172138a299628809cc') in 0.016714 seconds
  Import took 0.020260 seconds .

========================================================================
Received Import Request.
  Time since last request: 0.000343 seconds.
  path: Assets/Palette/Terrain (16x16)_33.asset
  artifactKey: Guid(c435d4ee8e986b6479dcf96c1f6e9a3b) Importer(815301076,1909f56bfc062723c751e8b465ee728b)
Start importing Assets/Palette/Terrain (16x16)_33.asset using Guid(c435d4ee8e986b6479dcf96c1f6e9a3b) Importer(815301076,1909f56bfc062723c751e8b465ee728b)  -> (artifact id: 'c1ab0f45faacfd4c970cf5a8b5fcd88d') in 0.014736 seconds
  Import took 0.018071 seconds .

========================================================================
Received Import Request.
  Time since last request: 0.000374 seconds.
  path: Assets/Palette/Terrain (16x16)_25.asset
  artifactKey: Guid(c762208edd40a1b488ba72d3c8011f61) Importer(815301076,1909f56bfc062723c751e8b465ee728b)
Start importing Assets/Palette/Terrain (16x16)_25.asset using Guid(c762208edd40a1b488ba72d3c8011f61) Importer(815301076,1909f56bfc062723c751e8b465ee728b)  -> (artifact id: '3d4cdd2de6bf069b6c14f0d48a487d54') in 0.015245 seconds
  Import took 0.018606 seconds .

========================================================================
Received Import Request.
  Time since last request: 0.000328 seconds.
  path: Assets/Palette/Terrain (16x16)_32.asset
  artifactKey: Guid(6bfb0614491e0ed45b846ff1d4b6f1d4) Importer(815301076,1909f56bfc062723c751e8b465ee728b)
Start importing Assets/Palette/Terrain (16x16)_32.asset using Guid(6bfb0614491e0ed45b846ff1d4b6f1d4) Importer(815301076,1909f56bfc062723c751e8b465ee728b)  -> (artifact id: '606fbd409936ecd4be22cbac1b3c73f7') in 0.015279 seconds
  Import took 0.019137 seconds .

========================================================================
Received Import Request.
  Time since last request: 0.000313 seconds.
  path: Assets/Palette/Terrain (16x16)_2.asset
  artifactKey: Guid(09aa5b4ad0ea8ea49b407cb5761698c6) Importer(815301076,1909f56bfc062723c751e8b465ee728b)
Start importing Assets/Palette/Terrain (16x16)_2.asset using Guid(09aa5b4ad0ea8ea49b407cb5761698c6) Importer(815301076,1909f56bfc062723c751e8b465ee728b)  -> (artifact id: '8f9345d83adb13a0683390bc95dbecc6') in 0.020557 seconds
  Import took 0.025687 seconds .

========================================================================
Received Import Request.
  Time since last request: 0.000505 seconds.
  path: Assets/Palette/Terrain (16x16)_15.asset
  artifactKey: Guid(0b43d450ec1bea141a164b0d92987a58) Importer(815301076,1909f56bfc062723c751e8b465ee728b)
Start importing Assets/Palette/Terrain (16x16)_15.asset using Guid(0b43d450ec1bea141a164b0d92987a58) Importer(815301076,1909f56bfc062723c751e8b465ee728b)  -> (artifact id: '42d3cac1c79b6eec10d4a0ee87a07ed3') in 0.022532 seconds
  Import took 0.027418 seconds .

========================================================================
Received Import Request.
  Time since last request: 0.000276 seconds.
  path: Assets/Palette/Terrain (16x16)_30.asset
  artifactKey: Guid(6ebf438fbf71b4344a6cf8e38d75e22b) Importer(815301076,1909f56bfc062723c751e8b465ee728b)
Start importing Assets/Palette/Terrain (16x16)_30.asset using Guid(6ebf438fbf71b4344a6cf8e38d75e22b) Importer(815301076,1909f56bfc062723c751e8b465ee728b)  -> (artifact id: '918f644a8de55bbb277a57b1765da7d5') in 0.015555 seconds
  Import took 0.019103 seconds .

========================================================================
Received Import Request.
  Time since last request: 0.000355 seconds.
  path: Assets/Palette/Terrain (16x16)_35.asset
  artifactKey: Guid(b56f90976b21f014fa72270f7ab0a921) Importer(815301076,1909f56bfc062723c751e8b465ee728b)
Start importing Assets/Palette/Terrain (16x16)_35.asset using Guid(b56f90976b21f014fa72270f7ab0a921) Importer(815301076,1909f56bfc062723c751e8b465ee728b)  -> (artifact id: '94ad4948a07b3033abd6550b67b88988') in 0.014716 seconds
  Import took 0.037463 seconds .

========================================================================
Received Import Request.
  Time since last request: 0.000319 seconds.
  path: Assets/Palette/Terrain (16x16)_5.asset
  artifactKey: Guid(69dc6263447b0a943b68e744dcdb1307) Importer(815301076,1909f56bfc062723c751e8b465ee728b)
Start importing Assets/Palette/Terrain (16x16)_5.asset using Guid(69dc6263447b0a943b68e744dcdb1307) Importer(815301076,1909f56bfc062723c751e8b465ee728b)  -> (artifact id: '6897c5425968166298b762f9eb5de4c3') in 0.015783 seconds
  Import took 0.019275 seconds .

========================================================================
Received Import Request.
  Time since last request: 0.000367 seconds.
  path: Assets/Palette/Terrain (16x16)_21.asset
  artifactKey: Guid(647a3d74e40ba7644a5e5b94f8095c60) Importer(815301076,1909f56bfc062723c751e8b465ee728b)
Start importing Assets/Palette/Terrain (16x16)_21.asset using Guid(647a3d74e40ba7644a5e5b94f8095c60) Importer(815301076,1909f56bfc062723c751e8b465ee728b)  -> (artifact id: '5a9622d94e7545275b9585f04f3763c0') in 0.015806 seconds
  Import took 0.019107 seconds .

========================================================================
Received Import Request.
  Time since last request: 0.000382 seconds.
  path: Assets/Palette/Terrain (16x16)_4.asset
  artifactKey: Guid(f5d0a5f8ed9383b469d39323db4aa86f) Importer(815301076,1909f56bfc062723c751e8b465ee728b)
Start importing Assets/Palette/Terrain (16x16)_4.asset using Guid(f5d0a5f8ed9383b469d39323db4aa86f) Importer(815301076,1909f56bfc062723c751e8b465ee728b)  -> (artifact id: 'a53c282a07ffa4751388a596c6746182') in 0.016081 seconds
  Import took 0.020479 seconds .

========================================================================
Received Import Request.
  Time since last request: 0.000330 seconds.
  path: Assets/Palette/Terrain (16x16)_9.asset
  artifactKey: Guid(e4cc6762e3ed8154ebda38a17818c490) Importer(815301076,1909f56bfc062723c751e8b465ee728b)
Start importing Assets/Palette/Terrain (16x16)_9.asset using Guid(e4cc6762e3ed8154ebda38a17818c490) Importer(815301076,1909f56bfc062723c751e8b465ee728b)  -> (artifact id: 'd0bb12f287dc64a8704113c0a9db8471') in 0.015798 seconds
  Import took 0.019325 seconds .

========================================================================
Received Import Request.
  Time since last request: 0.000359 seconds.
  path: Assets/Palette/Terrain (16x16)_17.asset
  artifactKey: Guid(0580452fee8ef324d8faad45267a1859) Importer(815301076,1909f56bfc062723c751e8b465ee728b)
Start importing Assets/Palette/Terrain (16x16)_17.asset using Guid(0580452fee8ef324d8faad45267a1859) Importer(815301076,1909f56bfc062723c751e8b465ee728b)  -> (artifact id: 'f86f6f841baa3260444cb97333fa4684') in 0.015860 seconds
  Import took 0.019353 seconds .

========================================================================
Received Import Request.
  Time since last request: 0.000364 seconds.
  path: Assets/Palette/Terrain (16x16)_12.asset
  artifactKey: Guid(a1cdc2b5077cce446a9f68f0da398691) Importer(815301076,1909f56bfc062723c751e8b465ee728b)
Start importing Assets/Palette/Terrain (16x16)_12.asset using Guid(a1cdc2b5077cce446a9f68f0da398691) Importer(815301076,1909f56bfc062723c751e8b465ee728b)  -> (artifact id: 'a08be67b9e07407746248e57c37eb6cc') in 0.015546 seconds
  Import took 0.019191 seconds .

========================================================================
Received Import Request.
  Time since last request: 0.000415 seconds.
  path: Assets/Palette/Terrain (16x16)_31.asset
  artifactKey: Guid(4c00eb4ccbb03454094629cdfc4298e2) Importer(815301076,1909f56bfc062723c751e8b465ee728b)
Start importing Assets/Palette/Terrain (16x16)_31.asset using Guid(4c00eb4ccbb03454094629cdfc4298e2) Importer(815301076,1909f56bfc062723c751e8b465ee728b)  -> (artifact id: 'eb220f41ece988beda7271bc55b9bb99') in 0.015870 seconds
  Import took 0.020191 seconds .

========================================================================
Received Import Request.
  Time since last request: 0.000527 seconds.
  path: Assets/Palette/Terrain (16x16)_11.asset
  artifactKey: Guid(a02eef3c2d44a774aa7bd32bfc8d567c) Importer(815301076,1909f56bfc062723c751e8b465ee728b)
Start importing Assets/Palette/Terrain (16x16)_11.asset using Guid(a02eef3c2d44a774aa7bd32bfc8d567c) Importer(815301076,1909f56bfc062723c751e8b465ee728b)  -> (artifact id: 'e4ed6bc71d023f7673a5dbd35a37f8c0') in 0.017392 seconds
  Import took 0.021055 seconds .

========================================================================
Received Import Request.
  Time since last request: 0.000278 seconds.
  path: Assets/Palette/Terrain (16x16)_14.asset
  artifactKey: Guid(47395b50fcf50994ebee176291fed993) Importer(815301076,1909f56bfc062723c751e8b465ee728b)
Start importing Assets/Palette/Terrain (16x16)_14.asset using Guid(47395b50fcf50994ebee176291fed993) Importer(815301076,1909f56bfc062723c751e8b465ee728b)  -> (artifact id: 'b22c4feb0e35c439c1111aad03bc481e') in 0.015978 seconds
  Import took 0.019875 seconds .

========================================================================
Received Import Request.
  Time since last request: 0.000368 seconds.
  path: Assets/Palette/Terrain (16x16)_34.asset
  artifactKey: Guid(e4471fc59f69fea4b9e7b0067cfc1d8d) Importer(815301076,1909f56bfc062723c751e8b465ee728b)
Start importing Assets/Palette/Terrain (16x16)_34.asset using Guid(e4471fc59f69fea4b9e7b0067cfc1d8d) Importer(815301076,1909f56bfc062723c751e8b465ee728b)  -> (artifact id: 'e65ad5fbfa98d71d174b7840b6fee494') in 0.016775 seconds
  Import took 0.020587 seconds .

========================================================================
Received Import Request.
  Time since last request: 0.000345 seconds.
  path: Assets/Palette/Terrain (16x16)_6.asset
  artifactKey: Guid(81faf99b6602c4146951987672a650e3) Importer(815301076,1909f56bfc062723c751e8b465ee728b)
Start importing Assets/Palette/Terrain (16x16)_6.asset using Guid(81faf99b6602c4146951987672a650e3) Importer(815301076,1909f56bfc062723c751e8b465ee728b)  -> (artifact id: '342ba9c7706720dab27df5eb7be811a2') in 0.015920 seconds
  Import took 0.019400 seconds .

========================================================================
Received Import Request.
  Time since last request: 0.000538 seconds.
  path: Assets/Palette/Terrain (16x16)_10.asset
  artifactKey: Guid(6640600daacba5c46b7d63e25db7767b) Importer(815301076,1909f56bfc062723c751e8b465ee728b)
Start importing Assets/Palette/Terrain (16x16)_10.asset using Guid(6640600daacba5c46b7d63e25db7767b) Importer(815301076,1909f56bfc062723c751e8b465ee728b)  -> (artifact id: 'b0e6efc75c8f9f7f787f3f90cdf14397') in 0.016185 seconds
  Import took 0.019632 seconds .

========================================================================
Received Import Request.
  Time since last request: 0.000427 seconds.
  path: Assets/Palette/Terrain (16x16)_26.asset
  artifactKey: Guid(6baacc1a4b0395a4fb0def4d947b4be0) Importer(815301076,1909f56bfc062723c751e8b465ee728b)
Start importing Assets/Palette/Terrain (16x16)_26.asset using Guid(6baacc1a4b0395a4fb0def4d947b4be0) Importer(815301076,1909f56bfc062723c751e8b465ee728b)  -> (artifact id: 'aa707ddb5afdd77864d22df5839576f0') in 0.015201 seconds
  Import took 0.018599 seconds .

========================================================================
Received Import Request.
  Time since last request: 0.000388 seconds.
  path: Assets/Palette/Terrain (16x16)_29.asset
  artifactKey: Guid(6e9e4a6852e8ac24eb491a77f882b90b) Importer(815301076,1909f56bfc062723c751e8b465ee728b)
Start importing Assets/Palette/Terrain (16x16)_29.asset using Guid(6e9e4a6852e8ac24eb491a77f882b90b) Importer(815301076,1909f56bfc062723c751e8b465ee728b)  -> (artifact id: '2be9f1319ba072da5869f89ed4c21470') in 0.016890 seconds
  Import took 0.020782 seconds .

========================================================================
Received Import Request.
  Time since last request: 0.000348 seconds.
  path: Assets/Palette/Terrain (16x16)_18.asset
  artifactKey: Guid(fb4e85f2cb79c614d9ed0b292d570c40) Importer(815301076,1909f56bfc062723c751e8b465ee728b)
Start importing Assets/Palette/Terrain (16x16)_18.asset using Guid(fb4e85f2cb79c614d9ed0b292d570c40) Importer(815301076,1909f56bfc062723c751e8b465ee728b)  -> (artifact id: 'e9ffc9e66a09b8ef9a5cd5b824357dc9') in 0.017458 seconds
  Import took 0.021019 seconds .

========================================================================
Received Import Request.
  Time since last request: 128.810782 seconds.
  path: Assets/Sprites/Terrain/Terrain (16x16).png
  artifactKey: Guid(3dd7e5a2e428a3e4a9aafeabac94d902) Importer(815301076,1909f56bfc062723c751e8b465ee728b)
Start importing Assets/Sprites/Terrain/Terrain (16x16).png using Guid(3dd7e5a2e428a3e4a9aafeabac94d902) Importer(815301076,1909f56bfc062723c751e8b465ee728b)  -> (artifact id: 'f04c8ee83295026a2e4d1ce1d97f420b') in 0.121872 seconds
  Import took 0.126932 seconds .

========================================================================
Received Import Request.
  Time since last request: 212.241026 seconds.
  path: Assets/Sprites/Terrain/Pared.png
  artifactKey: Guid(bcb51c0ca133d79419faf7dbcea3008d) Importer(815301076,1909f56bfc062723c751e8b465ee728b)
Start importing Assets/Sprites/Terrain/Pared.png using Guid(bcb51c0ca133d79419faf7dbcea3008d) Importer(815301076,1909f56bfc062723c751e8b465ee728b)  -> (artifact id: 'e0357ba40a614670315e4bb4fd915a8a') in 0.057647 seconds
  Import took 0.069338 seconds .

========================================================================
Received Import Request.
  Time since last request: 23.554707 seconds.
  path: Assets/Palette
  artifactKey: Guid(66ad6f24ea70d77448d82a78df7a295d) Importer(815301076,1909f56bfc062723c751e8b465ee728b)
Start importing Assets/Palette using Guid(66ad6f24ea70d77448d82a78df7a295d) Importer(815301076,1909f56bfc062723c751e8b465ee728b)  -> (artifact id: '4c76ece42438b01ac5a3fdbb2bd98384') in 0.004048 seconds
  Import took 0.008283 seconds .

========================================================================
Received Import Request.
  Time since last request: 32.344336 seconds.
  path: Assets/Sprites
  artifactKey: Guid(1565f88ed8b4744499ce4573348a056f) Importer(815301076,1909f56bfc062723c751e8b465ee728b)
Start importing Assets/Sprites using Guid(1565f88ed8b4744499ce4573348a056f) Importer(815301076,1909f56bfc062723c751e8b465ee728b)  -> (artifact id: '798989e7029f0fdf75e7418d1d54f6a2') in 0.013394 seconds
  Import took 0.018532 seconds .

========================================================================
Received Prepare
Registering precompiled user dll's ...
Registered in 0.001804 seconds.
Begin MonoManager ReloadAssembly
Native extension for WindowsStandalone target not found
Refreshing native plugins compatible for Editor in 0.44 ms, found 1 plugins.
Preloading 0 native plugins for Editor in 0.00 ms.
Mono: successfully reloaded assembly
- Completed reload, in  1.034 seconds
Platform modules already initialized, skipping
Refreshing native plugins compatible for Editor in 0.45 ms, found 1 plugins.
Preloading 0 native plugins for Editor in 0.00 ms.
Unloading 1798 Unused Serialized files (Serialized files now loaded: 0)
System memory in use before: 87.5 MB.
System memory in use after: 87.6 MB.

Unloading 7 unused Assets to reduce memory usage. Loaded Objects now: 2321.
Total: 2.533000 ms (FindLiveObjects: 0.254100 ms CreateObjectMapping: 0.128300 ms MarkObjects: 2.129600 ms  DeleteObjects: 0.020000 ms)

========================================================================
Received Prepare
Registering precompiled user dll's ...
Registered in 0.002663 seconds.
Begin MonoManager ReloadAssembly
Native extension for WindowsStandalone target not found
Refreshing native plugins compatible for Editor in 0.92 ms, found 1 plugins.
Preloading 0 native plugins for Editor in 0.00 ms.
Mono: successfully reloaded assembly
- Completed reload, in  2.208 seconds
Platform modules already initialized, skipping
Refreshing native plugins compatible for Editor in 1.15 ms, found 1 plugins.
Preloading 0 native plugins for Editor in 0.00 ms.
Unloading 1798 Unused Serialized files (Serialized files now loaded: 0)
System memory in use before: 87.5 MB.
System memory in use after: 87.6 MB.

Unloading 7 unused Assets to reduce memory usage. Loaded Objects now: 2325.
Total: 6.312600 ms (FindLiveObjects: 0.483700 ms CreateObjectMapping: 0.218300 ms MarkObjects: 5.557800 ms  DeleteObjects: 0.049800 ms)

========================================================================
Received Import Request.
  Time since last request: 475.174923 seconds.
  path: Assets/Sprites/Terrain/Pared.png
  artifactKey: Guid(bcb51c0ca133d79419faf7dbcea3008d) Importer(815301076,1909f56bfc062723c751e8b465ee728b)
Start importing Assets/Sprites/Terrain/Pared.png using Guid(bcb51c0ca133d79419faf7dbcea3008d) Importer(815301076,1909f56bfc062723c751e8b465ee728b)  -> (artifact id: '6da6d525b9af7693ecf482efe579727e') in 0.143118 seconds
  Import took 0.150979 seconds .

========================================================================
Received Import Request.
  Time since last request: 41.814825 seconds.
  path: Assets/Sprites/Terrain/Pared.png
  artifactKey: Guid(bcb51c0ca133d79419faf7dbcea3008d) Importer(815301076,1909f56bfc062723c751e8b465ee728b)
Start importing Assets/Sprites/Terrain/Pared.png using Guid(bcb51c0ca133d79419faf7dbcea3008d) Importer(815301076,1909f56bfc062723c751e8b465ee728b)  -> (artifact id: '2e8635fe8baaac1c1145638295f6b1c4') in 0.013206 seconds
  Import took 0.018429 seconds .

========================================================================
Received Import Request.
  Time since last request: 43.365423 seconds.
  path: Assets/Sprites/Terrain/Wall.png
  artifactKey: Guid(569eac456936f6348b5fd3c3dc8dbc93) Importer(815301076,1909f56bfc062723c751e8b465ee728b)
Start importing Assets/Sprites/Terrain/Wall.png using Guid(569eac456936f6348b5fd3c3dc8dbc93) Importer(815301076,1909f56bfc062723c751e8b465ee728b)  -> (artifact id: '70be9a4e3b20aa831c5b48da7eae262c') in 0.022323 seconds
  Import took 1.731108 seconds .

========================================================================
Received Import Request.
  Time since last request: 411.440223 seconds.
  path: Assets/Sprites/Terrain/BrownWall.png
  artifactKey: Guid(7f93c74a2f25b0845bce9c97d3c7af6e) Importer(815301076,1909f56bfc062723c751e8b465ee728b)
Start importing Assets/Sprites/Terrain/BrownWall.png using Guid(7f93c74a2f25b0845bce9c97d3c7af6e) Importer(815301076,1909f56bfc062723c751e8b465ee728b)  -> (artifact id: 'b58f4973d6721738b44a803faa39fd52') in 0.035881 seconds
  Import took 0.044997 seconds .

========================================================================
Received Import Request.
  Time since last request: 79.751472 seconds.
  path: Assets/Sprites/Terrain/BrownWall.png
  artifactKey: Guid(7f93c74a2f25b0845bce9c97d3c7af6e) Importer(815301076,1909f56bfc062723c751e8b465ee728b)
Start importing Assets/Sprites/Terrain/BrownWall.png using Guid(7f93c74a2f25b0845bce9c97d3c7af6e) Importer(815301076,1909f56bfc062723c751e8b465ee728b)  -> (artifact id: '10f998afbef98cf300b573a389815c60') in 0.054198 seconds
  Import took 0.068291 seconds .

AssetImportWorkerClient::OnTransportError - code=2 error=End of file
