Using pre-set license
Built from '2020.3/staging' branch; Version is '2020.3.9f1 (108be757e447) revision 1084391'; Using compiler version '192528614'; Build Type 'Release'
OS: 'Windows 10 Home; OS build 19041.985; Version 2004; 64bit' Language: 'en' Physical Memory: 12193 MB
BatchMode: 1, IsHumanControllingUs: 0, StartBugReporterOnCrash: 0, Is64bit: 1, IsPro: 0

 COMMAND LINE ARGUMENTS:
C:\Program Files\Unity\Hub\Editor\2020.3.9f1\Editor\Unity.exe
-adb2
-batchMode
-noUpm
-name
AssetImportWorker4
-projectPath
C:/Users/gabriel/Desktop/git/PDM_Innovacion
-logFile
Logs/AssetImportWorker4.log
-srvPort
58702
Successfully changed project path to: C:/Users/gabriel/Desktop/git/PDM_Innovacion
C:/Users/gabriel/Desktop/git/PDM_Innovacion
Using Asset Import Pipeline V2.
Refreshing native plugins compatible for Editor in 36.95 ms, found 1 plugins.
Preloading 0 native plugins for Editor in 0.00 ms.
Initialize engine version: 2020.3.9f1 (108be757e447)
[Subsystems] Discovering subsystems at path C:/Program Files/Unity/Hub/Editor/2020.3.9f1/Editor/Data/Resources/UnitySubsystems
[Subsystems] Discovering subsystems at path C:/Users/gabriel/Desktop/git/PDM_Innovacion/Assets
GfxDevice: creating device client; threaded=0
Direct3D:
    Version:  Direct3D 11.0 [level 11.1]
    Renderer: Intel(R) UHD Graphics 620 (ID=0x5917)
    Vendor:   
    VRAM:     6096 MB
    Driver:   26.20.100.7323
Initialize mono
Mono path[0] = 'C:/Program Files/Unity/Hub/Editor/2020.3.9f1/Editor/Data/Managed'
Mono path[1] = 'C:/Program Files/Unity/Hub/Editor/2020.3.9f1/Editor/Data/MonoBleedingEdge/lib/mono/unityjit'
Mono config path = 'C:/Program Files/Unity/Hub/Editor/2020.3.9f1/Editor/Data/MonoBleedingEdge/etc'
Using monoOptions --debugger-agent=transport=dt_socket,embedding=1,server=y,suspend=n,address=127.0.0.1:56956
Begin MonoManager ReloadAssembly
Registering precompiled unity dll's ...
Register platform support module: C:/Program Files/Unity/Hub/Editor/2020.3.9f1/Editor/Data/PlaybackEngines/WindowsStandaloneSupport/UnityEditor.WindowsStandalone.Extensions.dll
Registered in 0.005944 seconds.
Native extension for WindowsStandalone target not found
Refreshing native plugins compatible for Editor in 36.71 ms, found 1 plugins.
Preloading 0 native plugins for Editor in 0.00 ms.
Mono: successfully reloaded assembly
- Completed reload, in  4.100 seconds
Platform modules already initialized, skipping
Registering precompiled user dll's ...
Registered in 0.001357 seconds.
Begin MonoManager ReloadAssembly
Native extension for WindowsStandalone target not found
Refreshing native plugins compatible for Editor in 37.35 ms, found 1 plugins.
Preloading 0 native plugins for Editor in 0.00 ms.
Mono: successfully reloaded assembly
- Completed reload, in  3.169 seconds
Platform modules already initialized, skipping
========================================================================
Worker process is ready to serve import requests
Launched and connected shader compiler UnityShaderCompiler.exe after 0.11 seconds
Refreshing native plugins compatible for Editor in 0.48 ms, found 1 plugins.
Preloading 0 native plugins for Editor in 0.00 ms.
Unloading 1808 Unused Serialized files (Serialized files now loaded: 0)
System memory in use before: 84.7 MB.
System memory in use after: 84.8 MB.

Unloading 19 unused Assets to reduce memory usage. Loaded Objects now: 2255.
Total: 57.099100 ms (FindLiveObjects: 0.176600 ms CreateObjectMapping: 0.064100 ms MarkObjects: 56.735400 ms  DeleteObjects: 0.120800 ms)

========================================================================
Received Import Request.
  path: Assets/Sprites/Main Characters/Virtual Guy/Wall Jump (32x32).png
  artifactKey: Guid(fd42d4b9eccbdcd4abfda8973466d6ff) Importer(815301076,1909f56bfc062723c751e8b465ee728b)
Start importing Assets/Sprites/Main Characters/Virtual Guy/Wall Jump (32x32).png using Guid(fd42d4b9eccbdcd4abfda8973466d6ff) Importer(815301076,1909f56bfc062723c751e8b465ee728b)  -> (artifact id: 'bcda6be0fba3b9cc2f123c394996c027') in 0.792822 seconds
  Import took 0.812503 seconds .

========================================================================
Received Import Request.
  Time since last request: 0.000539 seconds.
  path: Assets/Sprites/Main Characters/Virtual Guy/Run (32x32).png
  artifactKey: Guid(08d2b435d4746bb45a045c3ab6c107dc) Importer(815301076,1909f56bfc062723c751e8b465ee728b)
Start importing Assets/Sprites/Main Characters/Virtual Guy/Run (32x32).png using Guid(08d2b435d4746bb45a045c3ab6c107dc) Importer(815301076,1909f56bfc062723c751e8b465ee728b)  -> (artifact id: '1d263106298b0ad1bc52d1368b95dbe2') in 0.069752 seconds
  Import took 0.077691 seconds .

========================================================================
Received Import Request.
  Time since last request: 0.000497 seconds.
  path: Assets/Sprites/Main Characters/Ninja Frog/Wall Jump (32x32).png
  artifactKey: Guid(eaab0b8b3f2c3184c8072bcd07ad2e75) Importer(815301076,1909f56bfc062723c751e8b465ee728b)
Start importing Assets/Sprites/Main Characters/Ninja Frog/Wall Jump (32x32).png using Guid(eaab0b8b3f2c3184c8072bcd07ad2e75) Importer(815301076,1909f56bfc062723c751e8b465ee728b)  -> (artifact id: '9b93fd619c0e9a3c3533874316766365') in 0.031392 seconds
  Import took 0.036772 seconds .

========================================================================
Received Import Request.
  Time since last request: 0.000396 seconds.
  path: Assets/Sprites/Main Characters/Ninja Frog/Idle (32x32).png
  artifactKey: Guid(965312c60f3c2c545b804c3fb5fe0522) Importer(815301076,1909f56bfc062723c751e8b465ee728b)
Start importing Assets/Sprites/Main Characters/Ninja Frog/Idle (32x32).png using Guid(965312c60f3c2c545b804c3fb5fe0522) Importer(815301076,1909f56bfc062723c751e8b465ee728b)  -> (artifact id: '12191420d86b7e376795a81fa9416487') in 0.088880 seconds
  Import took 0.098011 seconds .

========================================================================
Received Import Request.
  Time since last request: 0.000467 seconds.
  path: Assets/Sprites/Main Characters/Ninja Frog/Jump (32x32).png
  artifactKey: Guid(f8419c17cd3656740ab9254e69af86f6) Importer(815301076,1909f56bfc062723c751e8b465ee728b)
Start importing Assets/Sprites/Main Characters/Ninja Frog/Jump (32x32).png using Guid(f8419c17cd3656740ab9254e69af86f6) Importer(815301076,1909f56bfc062723c751e8b465ee728b)  -> (artifact id: '62988b44727702c2dab80d855c062764') in 0.049424 seconds
  Import took 0.060027 seconds .

========================================================================
Received Import Request.
  Time since last request: 0.000614 seconds.
  path: Assets/Sprites/Main Characters/Mask Dude/Fall (32x32).png
  artifactKey: Guid(a66fff2ce8300054b978f645c07a5044) Importer(815301076,1909f56bfc062723c751e8b465ee728b)
Start importing Assets/Sprites/Main Characters/Mask Dude/Fall (32x32).png using Guid(a66fff2ce8300054b978f645c07a5044) Importer(815301076,1909f56bfc062723c751e8b465ee728b)  -> (artifact id: '96c14f5b3c7b2735a4c27f680165a777') in 0.050027 seconds
  Import took 0.058854 seconds .

========================================================================
Received Import Request.
  Time since last request: 0.000467 seconds.
  path: Assets/Sprites/Main Characters/Desappearing (96x96).png
  artifactKey: Guid(c7aed72d3c7944f42b98ed58e731a68d) Importer(815301076,1909f56bfc062723c751e8b465ee728b)
Start importing Assets/Sprites/Main Characters/Desappearing (96x96).png using Guid(c7aed72d3c7944f42b98ed58e731a68d) Importer(815301076,1909f56bfc062723c751e8b465ee728b)  -> (artifact id: '973f73efcbc5169a0b65c26e9ab7ed9f') in 0.039237 seconds
  Import took 0.047654 seconds .

========================================================================
Received Import Request.
  Time since last request: 0.000659 seconds.
  path: Assets/Sprites/Main Characters/Pink Man/Fall (32x32).png
  artifactKey: Guid(5f4ff6e2676229d4a81e3836b3622f47) Importer(815301076,1909f56bfc062723c751e8b465ee728b)
Start importing Assets/Sprites/Main Characters/Pink Man/Fall (32x32).png using Guid(5f4ff6e2676229d4a81e3836b3622f47) Importer(815301076,1909f56bfc062723c751e8b465ee728b)  -> (artifact id: '5c4f6d7f12fce51f2128593f5c9a8d5f') in 0.033140 seconds
  Import took 0.040868 seconds .

========================================================================
Received Import Request.
  Time since last request: 0.000382 seconds.
  path: Assets/Sprites/Main Characters/Virtual Guy
  artifactKey: Guid(932a8839c9eb50448bd8f871abdb5f68) Importer(815301076,1909f56bfc062723c751e8b465ee728b)
Start importing Assets/Sprites/Main Characters/Virtual Guy using Guid(932a8839c9eb50448bd8f871abdb5f68) Importer(815301076,1909f56bfc062723c751e8b465ee728b)  -> (artifact id: 'c9aed1094d7b65359f879e14a8f3dfaa') in 0.017033 seconds
  Import took 0.022744 seconds .

========================================================================
Received Import Request.
  Time since last request: 0.000403 seconds.
  path: Assets/Sprites/Main Characters/Mask Dude/Idle (32x32).png
  artifactKey: Guid(3dfd8dbce39ab5e45ad323aa61bb4cc6) Importer(815301076,1909f56bfc062723c751e8b465ee728b)
Start importing Assets/Sprites/Main Characters/Mask Dude/Idle (32x32).png using Guid(3dfd8dbce39ab5e45ad323aa61bb4cc6) Importer(815301076,1909f56bfc062723c751e8b465ee728b)  -> (artifact id: 'e99ab7389339888f9fe23975ff948931') in 0.042899 seconds
  Import took 0.055138 seconds .

========================================================================
Received Import Request.
  Time since last request: 0.000505 seconds.
  path: Assets/Sprites/Main Characters/Mask Dude/Wall Jump (32x32).png
  artifactKey: Guid(ebb5d9443c18cdc4db49da7a8508349f) Importer(815301076,1909f56bfc062723c751e8b465ee728b)
Start importing Assets/Sprites/Main Characters/Mask Dude/Wall Jump (32x32).png using Guid(ebb5d9443c18cdc4db49da7a8508349f) Importer(815301076,1909f56bfc062723c751e8b465ee728b)  -> (artifact id: '44ae0852c95f03b55bd4918e37709b5e') in 0.134945 seconds
  Import took 0.142530 seconds .

========================================================================
Received Import Request.
  Time since last request: 0.000360 seconds.
  path: Assets/Sprites/Main Characters/Pink Man/Wall Jump (32x32).png
  artifactKey: Guid(768e5fbd2fd38ff44bad6422b73b1d65) Importer(815301076,1909f56bfc062723c751e8b465ee728b)
Start importing Assets/Sprites/Main Characters/Pink Man/Wall Jump (32x32).png using Guid(768e5fbd2fd38ff44bad6422b73b1d65) Importer(815301076,1909f56bfc062723c751e8b465ee728b)  -> (artifact id: 'a7832274c5fcb1b325bdfca31d384797') in 0.027192 seconds
  Import took 0.033513 seconds .

========================================================================
Received Import Request.
  Time since last request: 0.000436 seconds.
  path: Assets/Sprites/Main Characters/Virtual Guy/Double Jump (32x32).png
  artifactKey: Guid(2cb5117519eb6264abbed3f74e3aa2fe) Importer(815301076,1909f56bfc062723c751e8b465ee728b)
Start importing Assets/Sprites/Main Characters/Virtual Guy/Double Jump (32x32).png using Guid(2cb5117519eb6264abbed3f74e3aa2fe) Importer(815301076,1909f56bfc062723c751e8b465ee728b)  -> (artifact id: 'a23f5a4aa5aecf0fae594a2ef89a2f6c') in 0.140433 seconds
  Import took 0.149411 seconds .

========================================================================
Received Import Request.
  Time since last request: 0.000522 seconds.
  path: Assets/Sprites/Main Characters/Ninja Frog/Double Jump (32x32).png
  artifactKey: Guid(16a86b580045f3241b9cdce0507ca9d0) Importer(815301076,1909f56bfc062723c751e8b465ee728b)
Start importing Assets/Sprites/Main Characters/Ninja Frog/Double Jump (32x32).png using Guid(16a86b580045f3241b9cdce0507ca9d0) Importer(815301076,1909f56bfc062723c751e8b465ee728b)  -> (artifact id: '9d37ee7c1601abed1931ad840d36c4e4') in 0.051663 seconds
  Import took 0.063946 seconds .

========================================================================
Received Import Request.
  Time since last request: 0.000733 seconds.
  path: Assets/Sprites/Main Characters/Ninja Frog/Fall (32x32).png
  artifactKey: Guid(400af4216e1aef8468fc578f40b87118) Importer(815301076,1909f56bfc062723c751e8b465ee728b)
Start importing Assets/Sprites/Main Characters/Ninja Frog/Fall (32x32).png using Guid(400af4216e1aef8468fc578f40b87118) Importer(815301076,1909f56bfc062723c751e8b465ee728b)  -> (artifact id: '65ecd1e4dbecda529480980b31ee881f') in 0.071154 seconds
  Import took 0.080066 seconds .

========================================================================
Received Import Request.
  Time since last request: 0.000431 seconds.
  path: Assets/Sprites/Main Characters/Ninja Frog/Run (32x32).png
  artifactKey: Guid(49ca23a2064e9d54fb1fda84a7e3fc71) Importer(815301076,1909f56bfc062723c751e8b465ee728b)
Start importing Assets/Sprites/Main Characters/Ninja Frog/Run (32x32).png using Guid(49ca23a2064e9d54fb1fda84a7e3fc71) Importer(815301076,1909f56bfc062723c751e8b465ee728b)  -> (artifact id: '9cb37cccb017d639ff7729290978f743') in 0.099485 seconds
  Import took 0.106725 seconds .

========================================================================
Received Import Request.
  Time since last request: 0.000362 seconds.
  path: Assets/Sprites/Main Characters/Virtual Guy/Hit (32x32).png
  artifactKey: Guid(83f7e1b862c86ff40a14d11c0e2f5c36) Importer(815301076,1909f56bfc062723c751e8b465ee728b)
Start importing Assets/Sprites/Main Characters/Virtual Guy/Hit (32x32).png using Guid(83f7e1b862c86ff40a14d11c0e2f5c36) Importer(815301076,1909f56bfc062723c751e8b465ee728b)  -> (artifact id: '8688cb7ef92d8e6c9021f71af3eac9eb') in 0.084282 seconds
  Import took 0.090068 seconds .

========================================================================
Received Import Request.
  Time since last request: 0.000522 seconds.
  path: Assets/Sprites/Main Characters/Pink Man/Double Jump (32x32).png
  artifactKey: Guid(d212a02358fd6d047aaf80e461542bc3) Importer(815301076,1909f56bfc062723c751e8b465ee728b)
Start importing Assets/Sprites/Main Characters/Pink Man/Double Jump (32x32).png using Guid(d212a02358fd6d047aaf80e461542bc3) Importer(815301076,1909f56bfc062723c751e8b465ee728b)  -> (artifact id: 'da7484fc22746861fa2a4cd857f00786') in 0.088790 seconds
  Import took 0.113711 seconds .

========================================================================
Received Import Request.
  Time since last request: 0.000542 seconds.
  path: Assets/Sprites/Main Characters/Pink Man/Run (32x32).png
  artifactKey: Guid(e28df452e94d7ae4fa4746f7763dd03f) Importer(815301076,1909f56bfc062723c751e8b465ee728b)
Start importing Assets/Sprites/Main Characters/Pink Man/Run (32x32).png using Guid(e28df452e94d7ae4fa4746f7763dd03f) Importer(815301076,1909f56bfc062723c751e8b465ee728b)  -> (artifact id: '10c2bc9c17ccee48087e5fb3a742e68f') in 0.030084 seconds
  Import took 0.039987 seconds .

========================================================================
Received Import Request.
  Time since last request: 0.000553 seconds.
  path: Assets/Sprites/Main Characters/Appearing (96x96).png
  artifactKey: Guid(b324f55ebe1840d48a3dc0d543f0a06d) Importer(815301076,1909f56bfc062723c751e8b465ee728b)
Start importing Assets/Sprites/Main Characters/Appearing (96x96).png using Guid(b324f55ebe1840d48a3dc0d543f0a06d) Importer(815301076,1909f56bfc062723c751e8b465ee728b)  -> (artifact id: '2513e54b805a8c430ad28fe2783ef8e1') in 0.056535 seconds
  Import took 0.064361 seconds .

========================================================================
Received Import Request.
  Time since last request: 0.000477 seconds.
  path: Assets/Sprites/Main Characters/Pink Man/Hit (32x32).png
  artifactKey: Guid(4723d53cd3125564c96ee3d9bbc508fa) Importer(815301076,1909f56bfc062723c751e8b465ee728b)
Start importing Assets/Sprites/Main Characters/Pink Man/Hit (32x32).png using Guid(4723d53cd3125564c96ee3d9bbc508fa) Importer(815301076,1909f56bfc062723c751e8b465ee728b)  -> (artifact id: 'bd0bde36622a2cc25a24a0312e1b64cb') in 0.056386 seconds
  Import took 0.062016 seconds .

========================================================================
Received Import Request.
  Time since last request: 0.000422 seconds.
  path: Assets/Sprites/Main Characters/Ninja Frog/Hit (32x32).png
  artifactKey: Guid(6b7e8b60dcc64ad4bb6bc2d68ed35976) Importer(815301076,1909f56bfc062723c751e8b465ee728b)
Start importing Assets/Sprites/Main Characters/Ninja Frog/Hit (32x32).png using Guid(6b7e8b60dcc64ad4bb6bc2d68ed35976) Importer(815301076,1909f56bfc062723c751e8b465ee728b)  -> (artifact id: 'a6d6e8c1856f93c541593313977a150f') in 0.057803 seconds
  Import took 0.063236 seconds .

========================================================================
Received Import Request.
  Time since last request: 0.000442 seconds.
  path: Assets/Sprites/Main Characters/Mask Dude/Hit (32x32).png
  artifactKey: Guid(b5791f9029eb27c428da37c0b083de83) Importer(815301076,1909f56bfc062723c751e8b465ee728b)
Start importing Assets/Sprites/Main Characters/Mask Dude/Hit (32x32).png using Guid(b5791f9029eb27c428da37c0b083de83) Importer(815301076,1909f56bfc062723c751e8b465ee728b)  -> (artifact id: '231f42bc662e0740120e357144911568') in 0.025438 seconds
  Import took 0.030969 seconds .

========================================================================
Received Import Request.
  Time since last request: 0.000494 seconds.
  path: Assets/Sprites/Main Characters/Virtual Guy/Idle (32x32).png
  artifactKey: Guid(35f3616a8c1961845bfdaf87fb976bc7) Importer(815301076,1909f56bfc062723c751e8b465ee728b)
Start importing Assets/Sprites/Main Characters/Virtual Guy/Idle (32x32).png using Guid(35f3616a8c1961845bfdaf87fb976bc7) Importer(815301076,1909f56bfc062723c751e8b465ee728b)  -> (artifact id: 'f6e0fa9e913c231edeb71ec44cf26346') in 0.023818 seconds
  Import took 0.029380 seconds .

========================================================================
Received Import Request.
  Time since last request: 0.000533 seconds.
  path: Assets/Sprites/Main Characters/Virtual Guy/Fall (32x32).png
  artifactKey: Guid(144e2d7b193668242865537f4cd2d691) Importer(815301076,1909f56bfc062723c751e8b465ee728b)
Start importing Assets/Sprites/Main Characters/Virtual Guy/Fall (32x32).png using Guid(144e2d7b193668242865537f4cd2d691) Importer(815301076,1909f56bfc062723c751e8b465ee728b)  -> (artifact id: '7147fd2da1d3900151b202ee10ef8627') in 0.022837 seconds
  Import took 0.028496 seconds .

========================================================================
Received Import Request.
  Time since last request: 0.000589 seconds.
  path: Assets/Sprites/Main Characters/Virtual Guy/Jump (32x32).png
  artifactKey: Guid(ef03ea44bb4768848a53d4dc3e18c074) Importer(815301076,1909f56bfc062723c751e8b465ee728b)
Start importing Assets/Sprites/Main Characters/Virtual Guy/Jump (32x32).png using Guid(ef03ea44bb4768848a53d4dc3e18c074) Importer(815301076,1909f56bfc062723c751e8b465ee728b)  -> (artifact id: 'b2d6cd09c55bddef5f9958ae0bb8957b') in 0.028451 seconds
  Import took 0.035012 seconds .

========================================================================
Received Import Request.
  Time since last request: 0.000420 seconds.
  path: Assets/Sprites/Main Characters/Pink Man/Jump (32x32).png
  artifactKey: Guid(732c1e936ee6f464cb8c4b75fab5931d) Importer(815301076,1909f56bfc062723c751e8b465ee728b)
Start importing Assets/Sprites/Main Characters/Pink Man/Jump (32x32).png using Guid(732c1e936ee6f464cb8c4b75fab5931d) Importer(815301076,1909f56bfc062723c751e8b465ee728b)  -> (artifact id: '853fa524601224a066777fa616b4b083') in 0.044195 seconds
  Import took 0.050684 seconds .

========================================================================
Received Import Request.
  Time since last request: 0.000440 seconds.
  path: Assets/Sprites/Main Characters/Mask Dude/Double Jump (32x32).png
  artifactKey: Guid(92d0fbb16a55d8147829f623ef10e469) Importer(815301076,1909f56bfc062723c751e8b465ee728b)
Start importing Assets/Sprites/Main Characters/Mask Dude/Double Jump (32x32).png using Guid(92d0fbb16a55d8147829f623ef10e469) Importer(815301076,1909f56bfc062723c751e8b465ee728b)  -> (artifact id: 'c34d9995c8be48b46360c34267c9cb2f') in 0.068274 seconds
  Import took 0.077746 seconds .

========================================================================
Received Import Request.
  Time since last request: 0.000504 seconds.
  path: Assets/Sprites/Main Characters/Mask Dude/Run (32x32).png
  artifactKey: Guid(6a647f32e8455f44698cc0edc1b8768b) Importer(815301076,1909f56bfc062723c751e8b465ee728b)
Start importing Assets/Sprites/Main Characters/Mask Dude/Run (32x32).png using Guid(6a647f32e8455f44698cc0edc1b8768b) Importer(815301076,1909f56bfc062723c751e8b465ee728b)  -> (artifact id: 'cc8645a5a6aeacbb48dc3a43c94c28c7') in 0.043525 seconds
  Import took 0.051948 seconds .

========================================================================
Received Import Request.
  Time since last request: 0.000426 seconds.
  path: Assets/Sprites/Main Characters/Mask Dude/Jump (32x32).png
  artifactKey: Guid(7de870ade97f6084e85153947a658ad1) Importer(815301076,1909f56bfc062723c751e8b465ee728b)
Start importing Assets/Sprites/Main Characters/Mask Dude/Jump (32x32).png using Guid(7de870ade97f6084e85153947a658ad1) Importer(815301076,1909f56bfc062723c751e8b465ee728b)  -> (artifact id: '79803cb630a31b3bb72df0925dd0d973') in 0.056009 seconds
  Import took 0.063322 seconds .

========================================================================
Received Import Request.
  Time since last request: 0.000367 seconds.
  path: Assets/Sprites/Main Characters/Pink Man/Idle (32x32).png
  artifactKey: Guid(e079ed7f97e3baf40814124174a9f298) Importer(815301076,1909f56bfc062723c751e8b465ee728b)
Start importing Assets/Sprites/Main Characters/Pink Man/Idle (32x32).png using Guid(e079ed7f97e3baf40814124174a9f298) Importer(815301076,1909f56bfc062723c751e8b465ee728b)  -> (artifact id: '13b4d48f64946fd258e515fb74d30303') in 0.052604 seconds
  Import took 0.057990 seconds .

AssetImportWorkerClient::OnTransportError - code=2 error=End of file
